<?xml version="1.0" encoding="UTF-8"?>
<!-- Generated by org.testng.reporters.JUnitReportReporter -->
<testsuite hostname="Rajatkumar" failures="0" tests="3" name="com.rajat.generic.ProjectModule" time="5.940" errors="0" timestamp="2023-09-09T17:01:58 IST" skipped="0">
  <testcase classname="com.rajat.generic.ProjectModule" name="modifyProject" time="3.533">
    <system-out>
      <![CDATA[Modify Project in Generic
Google]]>
    </system-out>
  </testcase> <!-- modifyProject -->
  <testcase classname="com.rajat.generic.ProjectModule" name="deleteProject" time="1.491">
    <system-out>
      <![CDATA[Delete Project in Generic]]>
    </system-out>
  </testcase> <!-- deleteProject -->
  <testcase classname="com.rajat.generic.ProjectModule" name="createProject" time="0.916">
    <system-out>
      <![CDATA[Create Project in Generic]]>
    </system-out>
  </testcase> <!-- createProject -->
  <system-out>
    <![CDATA[Login
Create Project in Generic
Login
Delete Project in Generic
Login
Modify Project in Generic
Google
Close Browser]]>
  </system-out>
</testsuite> <!-- com.rajat.generic.ProjectModule -->
