<?xml version="1.0" encoding="UTF-8"?>
<!-- Generated by org.testng.reporters.JUnitReportReporter -->
<testsuite hostname="Rajatkumar" failures="0" tests="3" name="com.testNg.www.customerModule2" time="0.019" errors="0" timestamp="2023-09-09T10:21:08 IST" skipped="0">
  <testcase classname="com.testNg.www.customerModule2" name="createModule" time="0.011">
    <system-out>
      <![CDATA[Crate Module]]>
    </system-out>
  </testcase> <!-- createModule -->
  <testcase classname="com.testNg.www.customerModule2" name="modifyModule" time="0.004">
    <system-out>
      <![CDATA[Modify Module]]>
    </system-out>
  </testcase> <!-- modifyModule -->
  <testcase classname="com.testNg.www.customerModule2" name="deleteModule" time="0.004">
    <system-out>
      <![CDATA[Delete Module]]>
    </system-out>
  </testcase> <!-- deleteModule -->
  <system-out>
    <![CDATA[Open Browser
Login
Crate Module
Logout
Login
Delete Module
Logout
Login
Modify Module
Logout
Close Browser]]>
  </system-out>
</testsuite> <!-- com.testNg.www.customerModule2 -->
