<?xml version="1.0" encoding="UTF-8"?>
<!-- Generated by org.testng.reporters.JUnitReportReporter -->
<testsuite hostname="Rajatkumar" failures="0" tests="4" name="com.rajat.testscript.CustomerModule1" time="0.026" errors="0" timestamp="2023-07-08T10:47:12 IST" skipped="0">
  <testcase classname="com.rajat.testscript.CustomerModule1" name="deleteCustomer" time="0.014">
    <system-out>
      <![CDATA[Delete Customer]]>
    </system-out>
  </testcase> <!-- deleteCustomer -->
  <testcase classname="com.rajat.testscript.CustomerModule1" name="modifyCustomer" time="0.006">
    <system-out>
      <![CDATA[Modify Customer]]>
    </system-out>
  </testcase> <!-- modifyCustomer -->
  <testcase classname="com.rajat.testscript.CustomerModule1" name="registerCustomer" time="0.002">
    <system-out>
      <![CDATA[Register Customer]]>
    </system-out>
  </testcase> <!-- registerCustomer -->
  <testcase classname="com.rajat.testscript.CustomerModule1" name="registerCustomer" time="0.004">
    <system-out>
      <![CDATA[Register Customer]]>
    </system-out>
  </testcase> <!-- registerCustomer -->
  <system-out>
    <![CDATA[Open Browser
Login
Delete Customer
Logout
Login
Modify Customer
Logout
Login
Register Customer
Logout
Login
Register Customer
Logout
Close Browser]]>
  </system-out>
</testsuite> <!-- com.rajat.testscript.CustomerModule1 -->
