<?xml version="1.0" encoding="UTF-8"?>
<!-- Generated by org.testng.reporters.JUnitReportReporter -->
<testsuite hostname="Rajatkumar" failures="0" tests="3" name="com.rajat.generic.customerModule" time="0.017" errors="0" timestamp="2023-09-09T10:46:52 IST" skipped="0">
  <testcase classname="com.rajat.generic.customerModule" name="modifyCustomer" time="0.003">
    <system-out>
      <![CDATA[Modify Customer in Generic]]>
    </system-out>
  </testcase> <!-- modifyCustomer -->
  <testcase classname="com.rajat.generic.customerModule" name="deleteCustomer" time="0.003">
    <system-out>
      <![CDATA[Delete Customer in Generic]]>
    </system-out>
  </testcase> <!-- deleteCustomer -->
  <testcase classname="com.rajat.generic.customerModule" name="createCustomer" time="0.011">
    <system-out>
      <![CDATA[Create Customer in Generic]]>
    </system-out>
  </testcase> <!-- createCustomer -->
  <system-out>
    <![CDATA[https://www.google.com/
Login
Create Customer in Generic
Logout
Login
Delete Customer in Generic
Logout
Login
Modify Customer in Generic
Logout
https://www.google.com/]]>
  </system-out>
</testsuite> <!-- com.rajat.generic.customerModule -->
