<?xml version="1.0" encoding="UTF-8"?>
<!-- Generated by org.testng.reporters.JUnitReportReporter -->
<testsuite hostname="Rajatkumar" failures="0" tests="1" name="com.rajat.pom.TestMethodCls" time="41.485" errors="0" timestamp="2023-09-10T11:21:41 IST" skipped="0">
  <testcase classname="com.rajat.pom.TestMethodCls" name="validLogin" time="41.485"/>
</testsuite> <!-- com.rajat.pom.TestMethodCls -->
