<?xml version="1.0" encoding="UTF-8"?>
<!-- Generated by org.testng.reporters.JUnitReportReporter -->
<testsuite hostname="Rajatkumar" failures="0" tests="1" name="rajat.demo" time="14.097" errors="0" timestamp="2023-07-07T12:29:08 IST" skipped="0">
  <testcase classname="rajat.demo" name="amazon" time="14.097"/>
</testsuite> <!-- rajat.demo -->
