<?xml version="1.0" encoding="UTF-8"?>
<!-- Generated by org.testng.reporters.JUnitReportReporter -->
<testsuite hostname="Rajatkumar" failures="0" tests="4" name="CustomeModule3" time="0.025" errors="0" timestamp="2023-09-09T10:29:31 IST" skipped="0">
  <testcase classname="CustomeModule3" name="editCustomer" time="0.007">
    <system-out>
      <![CDATA[Edit Customer]]>
    </system-out>
  </testcase> <!-- editCustomer -->
  <testcase classname="CustomeModule3" name="deleteCustomer" time="0.013">
    <system-out>
      <![CDATA[Delete Customer]]>
    </system-out>
  </testcase> <!-- deleteCustomer -->
  <testcase classname="CustomeModule3" name="registerCustomer" time="0.003">
    <system-out>
      <![CDATA[Register Customer]]>
    </system-out>
  </testcase> <!-- registerCustomer -->
  <testcase classname="CustomeModule3" name="registerCustomer" time="0.002">
    <system-out>
      <![CDATA[Register Customer]]>
    </system-out>
  </testcase> <!-- registerCustomer -->
  <system-out>
    <![CDATA[Open Browser
Login
Delete Customer
Logout
Login
Edit Customer
Logout
Login
Register Customer
Logout
Login
Register Customer
Logout
Close Browser]]>
  </system-out>
</testsuite> <!-- CustomeModule3 -->
