<?xml version="1.0" encoding="UTF-8"?>
<!-- Generated by org.testng.reporters.JUnitReportReporter -->
<testsuite hostname="Rajatkumar" failures="0" tests="5" name="com.testNg.www.CustomerModule1" time="0.028" errors="0" timestamp="2023-09-09T10:20:27 IST" skipped="0">
  <testcase classname="com.testNg.www.CustomerModule1" name="createCustomer" time="0.004">
    <system-out>
      <![CDATA[Create Customer]]>
    </system-out>
  </testcase> <!-- createCustomer -->
  <testcase classname="com.testNg.www.CustomerModule1" name="createCustomer" time="0.002">
    <system-out>
      <![CDATA[Create Customer]]>
    </system-out>
  </testcase> <!-- createCustomer -->
  <testcase classname="com.testNg.www.CustomerModule1" name="createCustomer" time="0.017">
    <system-out>
      <![CDATA[Create Customer]]>
    </system-out>
  </testcase> <!-- createCustomer -->
  <testcase classname="com.testNg.www.CustomerModule1" name="modifyCustomer" time="0.003">
    <system-out>
      <![CDATA[Modify Customer]]>
    </system-out>
  </testcase> <!-- modifyCustomer -->
  <testcase classname="com.testNg.www.CustomerModule1" name="deleteCustomer" time="0.002">
    <system-out>
      <![CDATA[Delete Customer]]>
    </system-out>
  </testcase> <!-- deleteCustomer -->
  <system-out>
    <![CDATA[Create Customer
Create Customer
Create Customer
Modify Customer
Delete Customer]]>
  </system-out>
</testsuite> <!-- com.testNg.www.CustomerModule1 -->
