<?xml version="1.0" encoding="UTF-8"?>
<!-- Generated by org.testng.reporters.JUnitReportReporter -->
<testsuite hostname="Rajatkumar" failures="0" tests="1" name="com.rajat.testscript.DemoScreenshot" time="5.804" errors="0" timestamp="2023-09-09T17:30:02 IST" skipped="0">
  <testcase classname="com.rajat.testscript.DemoScreenshot" name="screenshot" time="5.804"/>
</testsuite> <!-- com.rajat.testscript.DemoScreenshot -->
