<?xml version="1.0" encoding="UTF-8"?>
<!-- Generated by org.testng.reporters.JUnitReportReporter -->
<testsuite hostname="Rajatkumar" failures="0" tests="1" name="com.vyaparapp.pom.orderPlace" time="8.521" errors="0" timestamp="2023-09-10T19:53:00 IST" skipped="0">
  <testcase classname="com.vyaparapp.pom.orderPlace" name="orderPlaceItem" time="8.521"/>
</testsuite> <!-- com.vyaparapp.pom.orderPlace -->
