<?xml version="1.0" encoding="UTF-8"?>
<!-- Generated by org.testng.reporters.JUnitReportReporter -->
<testsuite hostname="Rajatkumar" failures="0" tests="8" name="com.rajat.testscript.CustomerModule" time="0.032" errors="0" timestamp="2023-07-25T12:04:19 IST" skipped="0">
  <testcase classname="com.rajat.testscript.CustomerModule" name="createCustomer" time="0.002">
    <system-out>
      <![CDATA[Create Customer]]>
    </system-out>
  </testcase> <!-- createCustomer -->
  <testcase classname="com.rajat.testscript.CustomerModule" name="createCustomer" time="0.016">
    <system-out>
      <![CDATA[Create Customer]]>
    </system-out>
  </testcase> <!-- createCustomer -->
  <testcase classname="com.rajat.testscript.CustomerModule" name="modifyCustomer" time="0.002">
    <system-out>
      <![CDATA[Modify Customer]]>
    </system-out>
  </testcase> <!-- modifyCustomer -->
  <testcase classname="com.rajat.testscript.CustomerModule" name="modifyCustomer" time="0.002">
    <system-out>
      <![CDATA[Modify Customer]]>
    </system-out>
  </testcase> <!-- modifyCustomer -->
  <testcase classname="com.rajat.testscript.CustomerModule" name="deleteCustomer" time="0.003">
    <system-out>
      <![CDATA[Delete Customer]]>
    </system-out>
  </testcase> <!-- deleteCustomer -->
  <testcase classname="com.rajat.testscript.CustomerModule" name="deleteCustomer" time="0.002">
    <system-out>
      <![CDATA[Delete Customer]]>
    </system-out>
  </testcase> <!-- deleteCustomer -->
  <testcase classname="com.rajat.testscript.CustomerModule" name="deleteCustomer" time="0.003">
    <system-out>
      <![CDATA[Delete Customer]]>
    </system-out>
  </testcase> <!-- deleteCustomer -->
  <testcase classname="com.rajat.testscript.CustomerModule" name="deleteCustomer" time="0.002">
    <system-out>
      <![CDATA[Delete Customer]]>
    </system-out>
  </testcase> <!-- deleteCustomer -->
  <system-out>
    <![CDATA[Create Customer
Create Customer
Modify Customer
Modify Customer
Delete Customer
Delete Customer
Delete Customer
Delete Customer]]>
  </system-out>
</testsuite> <!-- com.rajat.testscript.CustomerModule -->
