<?xml version="1.0" encoding="UTF-8"?>
<!-- Generated by org.testng.reporters.JUnitReportReporter -->
<testsuite hostname="Rajatkumar" failures="0" tests="1" name="com.vyaparapp.generic.addToCart" time="2.467" errors="0" timestamp="2023-09-10T19:38:07 IST" skipped="0">
  <testcase classname="com.vyaparapp.generic.addToCart" name="addItem" time="2.467">
    <system-out>
      <![CDATA[Add item to Cart]]>
    </system-out>
  </testcase> <!-- addItem -->
  <system-out>
    <![CDATA[Open Browser
Login
Add item to Cart
Close Browser]]>
  </system-out>
</testsuite> <!-- com.vyaparapp.generic.addToCart -->
